<?xml version="1.0" encoding="UTF-8"?>
<testng-results ignored="0" total="2" passed="1" failed="1" skipped="0">
  <reporter-output>
  </reporter-output>
  <suite started-at="2024-05-21T20:23:47 IST" name="Default suite" finished-at="2024-05-21T20:24:33 IST" duration-ms="45848">
    <groups>
    </groups>
    <test started-at="2024-05-21T20:23:47 IST" name="Default test" finished-at="2024-05-21T20:24:33 IST" duration-ms="45848">
      <class name="com.saucedemo.PlayrightJava.AppTest">
        <test-method is-config="true" signature="setup()[pri:0, instance:com.saucedemo.PlayrightJava.AppTest@55b699ef]" started-at="2024-05-21T20:23:47 IST" name="setup" finished-at="2024-05-21T20:24:00 IST" duration-ms="13308" status="PASS">
          <reporter-output>
          </reporter-output>
        </test-method> <!-- setup -->
        <test-method signature="verifyImagesForDifferentUsers()[pri:1, instance:com.saucedemo.PlayrightJava.AppTest@55b699ef]" started-at="2024-05-21T20:24:00 IST" name="verifyImagesForDifferentUsers" finished-at="2024-05-21T20:24:03 IST" duration-ms="2309" status="FAIL">
          <exception class="java.lang.AssertionError">
            <message>
              <![CDATA[expected [8] but found [3]]]>
            </message>
            <full-stacktrace>
              <![CDATA[java.lang.AssertionError: expected [8] but found [3]
at org.testng.Assert.fail(Assert.java:111)
at org.testng.Assert.failNotEquals(Assert.java:1578)
at org.testng.Assert.assertEqualsImpl(Assert.java:150)
at org.testng.Assert.assertEquals(Assert.java:132)
at org.testng.Assert.assertEquals(Assert.java:1419)
at org.testng.Assert.assertEquals(Assert.java:1383)
at org.testng.Assert.assertEquals(Assert.java:1429)
at com.saucedemo.PlayrightJava.AppTest.verifyImagesForDifferentUsers(AppTest.java:58)
at java.base/jdk.internal.reflect.DirectMethodHandleAccessor.invoke(DirectMethodHandleAccessor.java:103)
at java.base/java.lang.reflect.Method.invoke(Method.java:580)
at org.testng.internal.invokers.MethodInvocationHelper.invokeMethod(MethodInvocationHelper.java:141)
at org.testng.internal.invokers.TestInvoker.invokeMethod(TestInvoker.java:686)
at org.testng.internal.invokers.TestInvoker.invokeTestMethod(TestInvoker.java:230)
at org.testng.internal.invokers.MethodRunner.runInSequence(MethodRunner.java:63)
at org.testng.internal.invokers.TestInvoker$MethodInvocationAgent.invoke(TestInvoker.java:992)
at org.testng.internal.invokers.TestInvoker.invokeTestMethods(TestInvoker.java:203)
at org.testng.internal.invokers.TestMethodWorker.invokeTestMethods(TestMethodWorker.java:154)
at org.testng.internal.invokers.TestMethodWorker.run(TestMethodWorker.java:134)
at java.base/java.util.ArrayList.forEach(ArrayList.java:1596)
at org.testng.TestRunner.privateRun(TestRunner.java:739)
at org.testng.TestRunner.run(TestRunner.java:614)
at org.testng.SuiteRunner.runTest(SuiteRunner.java:421)
at org.testng.SuiteRunner.runSequentially(SuiteRunner.java:413)
at org.testng.SuiteRunner.privateRun(SuiteRunner.java:373)
at org.testng.SuiteRunner.run(SuiteRunner.java:312)
at org.testng.SuiteRunnerWorker.runSuite(SuiteRunnerWorker.java:52)
at org.testng.SuiteRunnerWorker.run(SuiteRunnerWorker.java:95)
at org.testng.TestNG.runSuitesSequentially(TestNG.java:1274)
at org.testng.TestNG.runSuitesLocally(TestNG.java:1208)
at org.testng.TestNG.runSuites(TestNG.java:1112)
at org.testng.TestNG.run(TestNG.java:1079)
at org.testng.remote.AbstractRemoteTestNG.run(AbstractRemoteTestNG.java:115)
at org.testng.remote.RemoteTestNG.initAndRun(RemoteTestNG.java:293)
at org.testng.remote.RemoteTestNG.main(RemoteTestNG.java:91)
]]>
            </full-stacktrace>
          </exception> <!-- java.lang.AssertionError -->
          <reporter-output>
          </reporter-output>
        </test-method> <!-- verifyImagesForDifferentUsers -->
        <test-method signature="verifyImageOnListingAndDetailsPage()[pri:2, instance:com.saucedemo.PlayrightJava.AppTest@55b699ef]" started-at="2024-05-21T20:24:03 IST" name="verifyImageOnListingAndDetailsPage" finished-at="2024-05-21T20:24:33 IST" duration-ms="30088" status="PASS">
          <reporter-output>
          </reporter-output>
        </test-method> <!-- verifyImageOnListingAndDetailsPage -->
        <test-method is-config="true" signature="tearDown()[pri:0, instance:com.saucedemo.PlayrightJava.AppTest@55b699ef]" started-at="2024-05-21T20:24:33 IST" name="tearDown" finished-at="2024-05-21T20:24:33 IST" duration-ms="70" status="PASS">
          <reporter-output>
          </reporter-output>
        </test-method> <!-- tearDown -->
      </class> <!-- com.saucedemo.PlayrightJava.AppTest -->
    </test> <!-- Default test -->
  </suite> <!-- Default suite -->
</testng-results>
